C51 COMPILER V9.01   MOTOR                                                                 04/10/2020 09:22:08 PAGE 1   


C51 COMPILER V9.01, COMPILATION OF MODULE MOTOR
OBJECT MODULE PLACED IN motor.OBJ
COMPILER INVOKED BY: C:\Keil\C51\BIN\C51.EXE motor.c BROWSE DEBUG OBJECTEXTEND

line level    source

   1          #include<reg51.h>
   2          // function door protype
   3          void door(int,int,int);
   4          //initialize motor pins and they are in separate port so don't try to mix them in the same port will make 
             -conflict
   5          sbit m1_pin1 = P3^0;                    
   6          sbit m1_pin2 = P3^1;
   7          //function delay protype
   8          void delay(int);
   9          void main()
  10          { //void
  11   1              do{     //do
  12   2                      door(1500,1,0);         
  13   2              } //do
  14   1              while(1);  //infinite loop
  15   1      } //void
  16          //delay function, used frequancy= 12MHz, to get one sec: delay(200);   
  17          // the more seconds you want increase it by muliply (no of sec you want*200) 
  18          void delay(unsigned int count)
  19          {
*** WARNING C235 IN LINE 19 OF MOTOR.C: parameter 1: different types
  20   1          int i,j;
  21   1          for(i=0; i<count; i++)
  22   1                              for(j=0; j<925; j++);
  23   1      }
  24          // I believe that this function will be good when calling elevator but as i explained the last part can be
             - modified with buttons
  25          void door(int req_delay_floor,int a,int b){
  26   1              m1_pin1 = a; //if a=1,b=0       so motor rotates unti-clockwise (downstaries) & if a=0,b=1 so motor rotates clo
             -ckwise (upstaries)
  27   1          m1_pin2 = b;
  28   1      /*we assume to take 7.5 sec from floor to another so 
  29   1      to reach one floor: req_delay_floor     = 1500
  30   1      to reach two floor: req_delay_floor     = 3000
  31   1      to reach three floor: req_delay_floor   = 4500
  32   1      to reach four floor: req_delay_floor    = 6000
  33   1      */
  34   1              delay(req_delay_floor);   
  35   1              m1_pin1 = 0; //stop motor
  36   1          m1_pin2 = 0;
  37   1              //
  38   1              delay(400);
  39   1              P2=0x09; //0001         90 degree indicate that door open
  40   1              delay(1000); // 5sec
  41   1              P2=0x00;
  42   1              P2=0x06;                //-90 degree indicate that door close    
  43   1              delay(50); //2.5sec
  44   1              // all the above lines for open and close the door and don't try to delet any comment as the entire logic
             - won't work :((
  45   1              if(P2=0x06){
*** WARNING C276 IN LINE 45 OF MOTOR.C: constant in condition expression
  46   2                      m1_pin1 = 0; //put c=0 (to stop motor in clockwise mode), put c=1 (to stop motor unticlockwise mode)
  47   2                  m1_pin2 = 0;
  48   2                      delay(500);
  49   2                      }
C51 COMPILER V9.01   MOTOR                                                                 04/10/2020 09:22:08 PAGE 2   

  50   1              // motor will stop for about 3 sec then the entire loop will begin again, i had tried  alot of methods to
             - make this function more portable but i can't
  51   1      }
  52          


MODULE INFORMATION:   STATIC OVERLAYABLE
   CODE SIZE        =    108    ----
   CONSTANT SIZE    =   ----    ----
   XDATA SIZE       =   ----    ----
   PDATA SIZE       =   ----    ----
   DATA SIZE        =   ----    ----
   IDATA SIZE       =   ----    ----
   BIT SIZE         =   ----    ----
END OF MODULE INFORMATION.


C51 COMPILATION COMPLETE.  2 WARNING(S),  0 ERROR(S)
